{
  "query": "insert into \"planned_shifts\" (\"id\", \"branch_id\", \"user_id\", \"role\", \"start_time\", \"end_time\", \"notes\", \"status\", \"created_at\", \"updated_at\") values (default, $1, $2, $3, $4, $5, default, $6, default, default), (default, $7, $8, $9, $10, $11, default, $12, default, default), (default, $13, $14, $15, $16, $17, default, $18, default, default), (default, $19, $20, $21, $22, $23, default, $24, default, default), (default, $25, $26, $27, $28, $29, default, $30, default, default), (default, $31, $32, $33, $34, $35, default, $36, default, default), (default, $37, $38, $39, $40, $41, default, $42, default, default), (default, $43, $44, $45, $46, $47, default, $48, default, default), (default, $49, $50, $51, $52, $53, default, $54, default, default), (default, $55, $56, $57, $58, $59, default, $60, default, default), (default, $61, $62, $63, $64, $65, default, $66, default, default), (default, $67, $68, $69, $70, $71, default, $72, default, default), (default, $73, $74, $75, $76, $77, default, $78, default, default), (default, $79, $80, $81, $82, $83, default, $84, default, default), (default, $85, $86, $87, $88, $89, default, $90, default, default), (default, $91, $92, $93, $94, $95, default, $96, default, default), (default, $97, $98, $99, $100, $101, default, $102, default, default), (default, $103, $104, $105, $106, $107, default, $108, default, default), (default, $109, $110, $111, $112, $113, default, $114, default, default), (default, $115, $116, $117, $118, $119, default, $120, default, default)",
  "params": [
    "f6b9fc9b-5378-4c70-96fe-b6d34f3528e7",
    "b00b7cd4-b52c-4d59-9156-344d2b20252a",
    "COCINERO",
    "2026-01-27T15:00:00.055Z",
    "2026-01-27T23:00:00.055Z",
    "PUBLISHED",
    "f6b9fc9b-5378-4c70-96fe-b6d34f3528e7",
    "08a593f7-daf7-4616-890b-128a6c91c10c",
    "MESERO",
    "2026-01-27T15:00:00.055Z",
    "2026-01-27T23:00:00.055Z",
    "PUBLISHED",
    "f6b9fc9b-5378-4c70-96fe-b6d34f3528e7",
    "b02470dd-6856-484c-8486-9e0eb13f1ed0",
    "CAJERO",
    "2026-01-27T15:00:00.055Z",
    "2026-01-27T23:00:00.055Z",
    "PUBLISHED",
    "eb867840-33c9-478e-bc37-bd461a51c830",
    "1926663d-dc87-41d7-878e-d86a4bf02f75",
    "REPARTIDOR",
    "2026-01-27T15:00:00.055Z",
    "2026-01-27T23:00:00.055Z",
    "PUBLISHED",
    "f6b9fc9b-5378-4c70-96fe-b6d34f3528e7",
    "b00b7cd4-b52c-4d59-9156-344d2b20252a",
    "COCINERO",
    "2026-01-28T15:00:00.055Z",
    "2026-01-28T23:00:00.055Z",
    "PUBLISHED",
    "f6b9fc9b-5378-4c70-96fe-b6d34f3528e7",
    "08a593f7-daf7-4616-890b-128a6c91c10c",
    "MESERO",
    "2026-01-28T15:00:00.055Z",
    "2026-01-28T23:00:00.055Z",
    "PUBLISHED",
    "f6b9fc9b-5378-4c70-96fe-b6d34f3528e7",
    "b02470dd-6856-484c-8486-9e0eb13f1ed0",
    "CAJERO",
    "2026-01-28T15:00:00.055Z",
    "2026-01-28T23:00:00.055Z",
    "PUBLISHED",
    "eb867840-33c9-478e-bc37-bd461a51c830",
    "1926663d-dc87-41d7-878e-d86a4bf02f75",
    "REPARTIDOR",
    "2026-01-28T15:00:00.055Z",
    "2026-01-28T23:00:00.055Z",
    "PUBLISHED",
    "f6b9fc9b-5378-4c70-96fe-b6d34f3528e7",
    "b00b7cd4-b52c-4d59-9156-344d2b20252a",
    "COCINERO",
    "2026-01-29T15:00:00.055Z",
    "2026-01-29T23:00:00.055Z",
    "PUBLISHED",
    "f6b9fc9b-5378-4c70-96fe-b6d34f3528e7",
    "08a593f7-daf7-4616-890b-128a6c91c10c",
    "MESERO",
    "2026-01-29T15:00:00.055Z",
    "2026-01-29T23:00:00.055Z",
    "PUBLISHED",
    "f6b9fc9b-5378-4c70-96fe-b6d34f3528e7",
    "b02470dd-6856-484c-8486-9e0eb13f1ed0",
    "CAJERO",
    "2026-01-29T15:00:00.055Z",
    "2026-01-29T23:00:00.055Z",
    "PUBLISHED",
    "eb867840-33c9-478e-bc37-bd461a51c830",
    "1926663d-dc87-41d7-878e-d86a4bf02f75",
    "REPARTIDOR",
    "2026-01-29T15:00:00.055Z",
    "2026-01-29T23:00:00.055Z",
    "PUBLISHED",
    "f6b9fc9b-5378-4c70-96fe-b6d34f3528e7",
    "b00b7cd4-b52c-4d59-9156-344d2b20252a",
    "COCINERO",
    "2026-01-30T15:00:00.055Z",
    "2026-01-30T23:00:00.055Z",
    "PUBLISHED",
    "f6b9fc9b-5378-4c70-96fe-b6d34f3528e7",
    "08a593f7-daf7-4616-890b-128a6c91c10c",
    "MESERO",
    "2026-01-30T15:00:00.055Z",
    "2026-01-30T23:00:00.055Z",
    "PUBLISHED",
    "f6b9fc9b-5378-4c70-96fe-b6d34f3528e7",
    "b02470dd-6856-484c-8486-9e0eb13f1ed0",
    "CAJERO",
    "2026-01-30T15:00:00.055Z",
    "2026-01-30T23:00:00.055Z",
    "PUBLISHED",
    "eb867840-33c9-478e-bc37-bd461a51c830",
    "1926663d-dc87-41d7-878e-d86a4bf02f75",
    "REPARTIDOR",
    "2026-01-30T15:00:00.055Z",
    "2026-01-30T23:00:00.055Z",
    "PUBLISHED",
    "f6b9fc9b-5378-4c70-96fe-b6d34f3528e7",
    "b00b7cd4-b52c-4d59-9156-344d2b20252a",
    "COCINERO",
    "2026-01-31T15:00:00.055Z",
    "2026-01-31T23:00:00.055Z",
    "PUBLISHED",
    "f6b9fc9b-5378-4c70-96fe-b6d34f3528e7",
    "08a593f7-daf7-4616-890b-128a6c91c10c",
    "MESERO",
    "2026-01-31T15:00:00.055Z",
    "2026-01-31T23:00:00.055Z",
    "PUBLISHED",
    "f6b9fc9b-5378-4c70-96fe-b6d34f3528e7",
    "b02470dd-6856-484c-8486-9e0eb13f1ed0",
    "CAJERO",
    "2026-01-31T15:00:00.055Z",
    "2026-01-31T23:00:00.055Z",
    "PUBLISHED",
    "eb867840-33c9-478e-bc37-bd461a51c830",
    "1926663d-dc87-41d7-878e-d86a4bf02f75",
    "REPARTIDOR",
    "2026-01-31T15:00:00.055Z",
    "2026-01-31T23:00:00.055Z",
    "PUBLISHED"
  ],
  "cause": {
    "name": "NeonDbError",
    "severity": "ERROR",
    "code": "22P02",
    "where": "unnamed portal parameter $3 = '...'",
    "file": "enum.c",
    "line": "129",
    "routine": "enum_in"
  }
}\nFailed query: insert into "planned_shifts" ("id", "branch_id", "user_id", "role", "start_time", "end_time", "notes", "status", "created_at", "updated_at") values (default, $1, $2, $3, $4, $5, default, $6, default, default), (default, $7, $8, $9, $10, $11, default, $12, default, default), (default, $13, $14, $15, $16, $17, default, $18, default, default), (default, $19, $20, $21, $22, $23, default, $24, default, default), (default, $25, $26, $27, $28, $29, default, $30, default, default), (default, $31, $32, $33, $34, $35, default, $36, default, default), (default, $37, $38, $39, $40, $41, default, $42, default, default), (default, $43, $44, $45, $46, $47, default, $48, default, default), (default, $49, $50, $51, $52, $53, default, $54, default, default), (default, $55, $56, $57, $58, $59, default, $60, default, default), (default, $61, $62, $63, $64, $65, default, $66, default, default), (default, $67, $68, $69, $70, $71, default, $72, default, default), (default, $73, $74, $75, $76, $77, default, $78, default, default), (default, $79, $80, $81, $82, $83, default, $84, default, default), (default, $85, $86, $87, $88, $89, default, $90, default, default), (default, $91, $92, $93, $94, $95, default, $96, default, default), (default, $97, $98, $99, $100, $101, default, $102, default, default), (default, $103, $104, $105, $106, $107, default, $108, default, default), (default, $109, $110, $111, $112, $113, default, $114, default, default), (default, $115, $116, $117, $118, $119, default, $120, default, default)
params: f6b9fc9b-5378-4c70-96fe-b6d34f3528e7,b00b7cd4-b52c-4d59-9156-344d2b20252a,COCINERO,2026-01-27T15:00:00.055Z,2026-01-27T23:00:00.055Z,PUBLISHED,f6b9fc9b-5378-4c70-96fe-b6d34f3528e7,08a593f7-daf7-4616-890b-128a6c91c10c,MESERO,2026-01-27T15:00:00.055Z,2026-01-27T23:00:00.055Z,PUBLISHED,f6b9fc9b-5378-4c70-96fe-b6d34f3528e7,b02470dd-6856-484c-8486-9e0eb13f1ed0,CAJERO,2026-01-27T15:00:00.055Z,2026-01-27T23:00:00.055Z,PUBLISHED,eb867840-33c9-478e-bc37-bd461a51c830,1926663d-dc87-41d7-878e-d86a4bf02f75,REPARTIDOR,2026-01-27T15:00:00.055Z,2026-01-27T23:00:00.055Z,PUBLISHED,f6b9fc9b-5378-4c70-96fe-b6d34f3528e7,b00b7cd4-b52c-4d59-9156-344d2b20252a,COCINERO,2026-01-28T15:00:00.055Z,2026-01-28T23:00:00.055Z,PUBLISHED,f6b9fc9b-5378-4c70-96fe-b6d34f3528e7,08a593f7-daf7-4616-890b-128a6c91c10c,MESERO,2026-01-28T15:00:00.055Z,2026-01-28T23:00:00.055Z,PUBLISHED,f6b9fc9b-5378-4c70-96fe-b6d34f3528e7,b02470dd-6856-484c-8486-9e0eb13f1ed0,CAJERO,2026-01-28T15:00:00.055Z,2026-01-28T23:00:00.055Z,PUBLISHED,eb867840-33c9-478e-bc37-bd461a51c830,1926663d-dc87-41d7-878e-d86a4bf02f75,REPARTIDOR,2026-01-28T15:00:00.055Z,2026-01-28T23:00:00.055Z,PUBLISHED,f6b9fc9b-5378-4c70-96fe-b6d34f3528e7,b00b7cd4-b52c-4d59-9156-344d2b20252a,COCINERO,2026-01-29T15:00:00.055Z,2026-01-29T23:00:00.055Z,PUBLISHED,f6b9fc9b-5378-4c70-96fe-b6d34f3528e7,08a593f7-daf7-4616-890b-128a6c91c10c,MESERO,2026-01-29T15:00:00.055Z,2026-01-29T23:00:00.055Z,PUBLISHED,f6b9fc9b-5378-4c70-96fe-b6d34f3528e7,b02470dd-6856-484c-8486-9e0eb13f1ed0,CAJERO,2026-01-29T15:00:00.055Z,2026-01-29T23:00:00.055Z,PUBLISHED,eb867840-33c9-478e-bc37-bd461a51c830,1926663d-dc87-41d7-878e-d86a4bf02f75,REPARTIDOR,2026-01-29T15:00:00.055Z,2026-01-29T23:00:00.055Z,PUBLISHED,f6b9fc9b-5378-4c70-96fe-b6d34f3528e7,b00b7cd4-b52c-4d59-9156-344d2b20252a,COCINERO,2026-01-30T15:00:00.055Z,2026-01-30T23:00:00.055Z,PUBLISHED,f6b9fc9b-5378-4c70-96fe-b6d34f3528e7,08a593f7-daf7-4616-890b-128a6c91c10c,MESERO,2026-01-30T15:00:00.055Z,2026-01-30T23:00:00.055Z,PUBLISHED,f6b9fc9b-5378-4c70-96fe-b6d34f3528e7,b02470dd-6856-484c-8486-9e0eb13f1ed0,CAJERO,2026-01-30T15:00:00.055Z,2026-01-30T23:00:00.055Z,PUBLISHED,eb867840-33c9-478e-bc37-bd461a51c830,1926663d-dc87-41d7-878e-d86a4bf02f75,REPARTIDOR,2026-01-30T15:00:00.055Z,2026-01-30T23:00:00.055Z,PUBLISHED,f6b9fc9b-5378-4c70-96fe-b6d34f3528e7,b00b7cd4-b52c-4d59-9156-344d2b20252a,COCINERO,2026-01-31T15:00:00.055Z,2026-01-31T23:00:00.055Z,PUBLISHED,f6b9fc9b-5378-4c70-96fe-b6d34f3528e7,08a593f7-daf7-4616-890b-128a6c91c10c,MESERO,2026-01-31T15:00:00.055Z,2026-01-31T23:00:00.055Z,PUBLISHED,f6b9fc9b-5378-4c70-96fe-b6d34f3528e7,b02470dd-6856-484c-8486-9e0eb13f1ed0,CAJERO,2026-01-31T15:00:00.055Z,2026-01-31T23:00:00.055Z,PUBLISHED,eb867840-33c9-478e-bc37-bd461a51c830,1926663d-dc87-41d7-878e-d86a4bf02f75,REPARTIDOR,2026-01-31T15:00:00.055Z,2026-01-31T23:00:00.055Z,PUBLISHED\nError: Failed query: insert into "planned_shifts" ("id", "branch_id", "user_id", "role", "start_time", "end_time", "notes", "status", "created_at", "updated_at") values (default, $1, $2, $3, $4, $5, default, $6, default, default), (default, $7, $8, $9, $10, $11, default, $12, default, default), (default, $13, $14, $15, $16, $17, default, $18, default, default), (default, $19, $20, $21, $22, $23, default, $24, default, default), (default, $25, $26, $27, $28, $29, default, $30, default, default), (default, $31, $32, $33, $34, $35, default, $36, default, default), (default, $37, $38, $39, $40, $41, default, $42, default, default), (default, $43, $44, $45, $46, $47, default, $48, default, default), (default, $49, $50, $51, $52, $53, default, $54, default, default), (default, $55, $56, $57, $58, $59, default, $60, default, default), (default, $61, $62, $63, $64, $65, default, $66, default, default), (default, $67, $68, $69, $70, $71, default, $72, default, default), (default, $73, $74, $75, $76, $77, default, $78, default, default), (default, $79, $80, $81, $82, $83, default, $84, default, default), (default, $85, $86, $87, $88, $89, default, $90, default, default), (default, $91, $92, $93, $94, $95, default, $96, default, default), (default, $97, $98, $99, $100, $101, default, $102, default, default), (default, $103, $104, $105, $106, $107, default, $108, default, default), (default, $109, $110, $111, $112, $113, default, $114, default, default), (default, $115, $116, $117, $118, $119, default, $120, default, default)
params: f6b9fc9b-5378-4c70-96fe-b6d34f3528e7,b00b7cd4-b52c-4d59-9156-344d2b20252a,COCINERO,2026-01-27T15:00:00.055Z,2026-01-27T23:00:00.055Z,PUBLISHED,f6b9fc9b-5378-4c70-96fe-b6d34f3528e7,08a593f7-daf7-4616-890b-128a6c91c10c,MESERO,2026-01-27T15:00:00.055Z,2026-01-27T23:00:00.055Z,PUBLISHED,f6b9fc9b-5378-4c70-96fe-b6d34f3528e7,b02470dd-6856-484c-8486-9e0eb13f1ed0,CAJERO,2026-01-27T15:00:00.055Z,2026-01-27T23:00:00.055Z,PUBLISHED,eb867840-33c9-478e-bc37-bd461a51c830,1926663d-dc87-41d7-878e-d86a4bf02f75,REPARTIDOR,2026-01-27T15:00:00.055Z,2026-01-27T23:00:00.055Z,PUBLISHED,f6b9fc9b-5378-4c70-96fe-b6d34f3528e7,b00b7cd4-b52c-4d59-9156-344d2b20252a,COCINERO,2026-01-28T15:00:00.055Z,2026-01-28T23:00:00.055Z,PUBLISHED,f6b9fc9b-5378-4c70-96fe-b6d34f3528e7,08a593f7-daf7-4616-890b-128a6c91c10c,MESERO,2026-01-28T15:00:00.055Z,2026-01-28T23:00:00.055Z,PUBLISHED,f6b9fc9b-5378-4c70-96fe-b6d34f3528e7,b02470dd-6856-484c-8486-9e0eb13f1ed0,CAJERO,2026-01-28T15:00:00.055Z,2026-01-28T23:00:00.055Z,PUBLISHED,eb867840-33c9-478e-bc37-bd461a51c830,1926663d-dc87-41d7-878e-d86a4bf02f75,REPARTIDOR,2026-01-28T15:00:00.055Z,2026-01-28T23:00:00.055Z,PUBLISHED,f6b9fc9b-5378-4c70-96fe-b6d34f3528e7,b00b7cd4-b52c-4d59-9156-344d2b20252a,COCINERO,2026-01-29T15:00:00.055Z,2026-01-29T23:00:00.055Z,PUBLISHED,f6b9fc9b-5378-4c70-96fe-b6d34f3528e7,08a593f7-daf7-4616-890b-128a6c91c10c,MESERO,2026-01-29T15:00:00.055Z,2026-01-29T23:00:00.055Z,PUBLISHED,f6b9fc9b-5378-4c70-96fe-b6d34f3528e7,b02470dd-6856-484c-8486-9e0eb13f1ed0,CAJERO,2026-01-29T15:00:00.055Z,2026-01-29T23:00:00.055Z,PUBLISHED,eb867840-33c9-478e-bc37-bd461a51c830,1926663d-dc87-41d7-878e-d86a4bf02f75,REPARTIDOR,2026-01-29T15:00:00.055Z,2026-01-29T23:00:00.055Z,PUBLISHED,f6b9fc9b-5378-4c70-96fe-b6d34f3528e7,b00b7cd4-b52c-4d59-9156-344d2b20252a,COCINERO,2026-01-30T15:00:00.055Z,2026-01-30T23:00:00.055Z,PUBLISHED,f6b9fc9b-5378-4c70-96fe-b6d34f3528e7,08a593f7-daf7-4616-890b-128a6c91c10c,MESERO,2026-01-30T15:00:00.055Z,2026-01-30T23:00:00.055Z,PUBLISHED,f6b9fc9b-5378-4c70-96fe-b6d34f3528e7,b02470dd-6856-484c-8486-9e0eb13f1ed0,CAJERO,2026-01-30T15:00:00.055Z,2026-01-30T23:00:00.055Z,PUBLISHED,eb867840-33c9-478e-bc37-bd461a51c830,1926663d-dc87-41d7-878e-d86a4bf02f75,REPARTIDOR,2026-01-30T15:00:00.055Z,2026-01-30T23:00:00.055Z,PUBLISHED,f6b9fc9b-5378-4c70-96fe-b6d34f3528e7,b00b7cd4-b52c-4d59-9156-344d2b20252a,COCINERO,2026-01-31T15:00:00.055Z,2026-01-31T23:00:00.055Z,PUBLISHED,f6b9fc9b-5378-4c70-96fe-b6d34f3528e7,08a593f7-daf7-4616-890b-128a6c91c10c,MESERO,2026-01-31T15:00:00.055Z,2026-01-31T23:00:00.055Z,PUBLISHED,f6b9fc9b-5378-4c70-96fe-b6d34f3528e7,b02470dd-6856-484c-8486-9e0eb13f1ed0,CAJERO,2026-01-31T15:00:00.055Z,2026-01-31T23:00:00.055Z,PUBLISHED,eb867840-33c9-478e-bc37-bd461a51c830,1926663d-dc87-41d7-878e-d86a4bf02f75,REPARTIDOR,2026-01-31T15:00:00.055Z,2026-01-31T23:00:00.055Z,PUBLISHED
    at NeonHttpPreparedQuery.queryWithCache (C:\Users\david\pulso29\node_modules\.pnpm\drizzle-orm@0.45.1_@neondat_c41e6f52bbbb8eb15111a5ba34e5fd68\node_modules\src\pg-core\session.ts:73:11)
    at process.processTicksAndRejections (node:internal/process/task_queues:105:5)
    at async main (C:\Users\david\pulso29\scripts\seed.ts:98:9)